<?xml version="1.0" encoding="UTF-8"?>
<!-- Generated by org.testng.reporters.JUnitXMLReporter -->
<testsuite ignored="0" hostname="DESKTOP-5S3H1BI" failures="1" tests="8" name="Test" time="89.528" errors="0" timestamp="2024-12-16T01:19:07 IST">
  <testcase classname="Testscript.QALegendComposeMessageTest" name="addNote" time="3.891"/>
  <testcase classname="Testscript.QALegenddeleteNote$QALegendNoteTest" name="addNote" time="17.976"/>
  <testcase classname="Testscript.QAlegendSignoutTest" name="Signout" time="5.51"/>
  <testcase classname="Testscript.QAlegendLoginTests" name="logintests" time="6.241"/>
  <testcase classname="Testscript.QALegendNoteTest" name="addNote" time="8.603"/>
  <testcase classname="Testscript.QALegendChecksentItems" name="Check_sentItems" time="3.459"/>
  <testcase classname="Testscript.QALegendProjectEditTest" name="edit_test" time="7.364"/>
  <testcase classname="Testscript.QALgendDEleteEstimate" name="AddEstimate" time="6.275">
    <failure type="java.lang.NullPointerException" message="Cannot invoke &amp;quot;Pages.QALegendEstimatePage.Clickon_AddEstimate()&amp;quot; because &amp;quot;this.estimatepage&amp;quot; is null">
      <![CDATA[java.lang.NullPointerException: Cannot invoke "Pages.QALegendEstimatePage.Clickon_AddEstimate()" because "this.estimatepage" is null
at Testscript.QALgendDEleteEstimate.AddEstimate(QALgendDEleteEstimate.java:19)
at java.base/java.util.ArrayList.forEach(ArrayList.java:1597)
... Removed 25 stack frames]]>
    </failure>
  </testcase> <!-- AddEstimate -->
</testsuite> <!-- Test -->
